{"/Users/phamquocvy/Documents/PhamQuocVy/ts-learning/src/learning/01-main.ts": {"path":"/Users/phamquocvy/Documents/PhamQuocVy/ts-learning/src/learning/01-main.ts","statementMap":{"0":{"start":{"line":1,"column":22},"end":{"line":3,"column":1}},"1":{"start":{"line":2,"column":4},"end":{"line":2,"column":37}},"2":{"start":{"line":1,"column":13},"end":{"line":1,"column":22}}},"fnMap":{"0":{"name":"(anonymous_0)","decl":{"start":{"line":1,"column":22},"end":{"line":1,"column":23}},"loc":{"start":{"line":1,"column":38},"end":{"line":3,"column":1}}}},"branchMap":{"0":{"loc":{"start":{"line":2,"column":11},"end":{"line":2,"column":36}},"type":"binary-expr","locations":[{"start":{"line":2,"column":11},"end":{"line":2,"column":24}},{"start":{"line":2,"column":28},"end":{"line":2,"column":36}}]}},"s":{"0":1,"1":9,"2":1},"f":{"0":9},"b":{"0":[9,5]}}
}
